<?xml version="1.0" encoding="UTF-8"?>
<testng-results skipped="0" failed="1" total="7" passed="6">
  <reporter-output>
  </reporter-output>
  <suite name="Default suite" duration-ms="436036" started-at="2020-06-26T17:50:40Z" finished-at="2020-06-26T17:57:56Z">
    <groups>
    </groups>
    <test name="Default test" duration-ms="436036" started-at="2020-06-26T17:50:40Z" finished-at="2020-06-26T17:57:56Z">
      <class name="testng.TC7">
        <test-method status="PASS" signature="launch()[pri:0, instance:testng.TC7@2cbb3d47]" name="launch" is-config="true" duration-ms="20506" started-at="2020-06-26T23:20:40Z" finished-at="2020-06-26T23:21:01Z">
          <reporter-output>
          </reporter-output>
        </test-method> <!-- launch -->
        <test-method status="FAIL" signature="signup_code()[pri:0, instance:testng.TC7@2cbb3d47]" name="signup_code" duration-ms="46084" started-at="2020-06-26T23:21:01Z" finished-at="2020-06-26T23:21:47Z">
          <exception class="org.openqa.selenium.NoSuchElementException">
            <message>
              <![CDATA[no such element: Unable to locate element: {"method":"xpath","selector":"//yt-formatted-string[contains(text(),'Add a public comment...')]"}
  (Session info: chrome=83.0.4103.106)
For documentation on this error, please visit: https://www.seleniumhq.org/exceptions/no_such_element.html
Build info: version: '3.141.59', revision: 'e82be7d358', time: '2018-11-14T08:25:48'
System info: host: 'AANCHAL-PC', ip: '192.168.1.6', os.name: 'Windows 7', os.arch: 'amd64', os.version: '6.1', java.version: '1.8.0_241'
Driver info: org.openqa.selenium.chrome.ChromeDriver
Capabilities {acceptInsecureCerts: false, browserName: chrome, browserVersion: 83.0.4103.106, chrome: {chromedriverVersion: 83.0.4103.39 (ccbf011cb2d2b..., userDataDir: C:\Users\Aanchal\AppData\Lo...}, goog:chromeOptions: {debuggerAddress: localhost:64771}, javascriptEnabled: true, networkConnectionEnabled: false, pageLoadStrategy: normal, platform: WINDOWS, platformName: WINDOWS, proxy: Proxy(), setWindowRect: true, strictFileInteractability: false, timeouts: {implicit: 0, pageLoad: 300000, script: 30000}, unhandledPromptBehavior: dismiss and notify, webauthn:virtualAuthenticators: true}
Session ID: 91d145cae83207a5055e15dc8ed35abb
*** Element info: {Using=xpath, value=//yt-formatted-string[contains(text(),'Add a public comment...')]}]]>
            </message>
            <full-stacktrace>
              <![CDATA[org.openqa.selenium.NoSuchElementException: no such element: Unable to locate element: {"method":"xpath","selector":"//yt-formatted-string[contains(text(),'Add a public comment...')]"}
  (Session info: chrome=83.0.4103.106)
For documentation on this error, please visit: https://www.seleniumhq.org/exceptions/no_such_element.html
Build info: version: '3.141.59', revision: 'e82be7d358', time: '2018-11-14T08:25:48'
System info: host: 'AANCHAL-PC', ip: '192.168.1.6', os.name: 'Windows 7', os.arch: 'amd64', os.version: '6.1', java.version: '1.8.0_241'
Driver info: org.openqa.selenium.chrome.ChromeDriver
Capabilities {acceptInsecureCerts: false, browserName: chrome, browserVersion: 83.0.4103.106, chrome: {chromedriverVersion: 83.0.4103.39 (ccbf011cb2d2b..., userDataDir: C:\Users\Aanchal\AppData\Lo...}, goog:chromeOptions: {debuggerAddress: localhost:64771}, javascriptEnabled: true, networkConnectionEnabled: false, pageLoadStrategy: normal, platform: WINDOWS, platformName: WINDOWS, proxy: Proxy(), setWindowRect: true, strictFileInteractability: false, timeouts: {implicit: 0, pageLoad: 300000, script: 30000}, unhandledPromptBehavior: dismiss and notify, webauthn:virtualAuthenticators: true}
Session ID: 91d145cae83207a5055e15dc8ed35abb
*** Element info: {Using=xpath, value=//yt-formatted-string[contains(text(),'Add a public comment...')]}
	at sun.reflect.NativeConstructorAccessorImpl.newInstance0(Native Method)
	at sun.reflect.NativeConstructorAccessorImpl.newInstance(NativeConstructorAccessorImpl.java:62)
	at sun.reflect.DelegatingConstructorAccessorImpl.newInstance(DelegatingConstructorAccessorImpl.java:45)
	at java.lang.reflect.Constructor.newInstance(Constructor.java:423)
	at org.openqa.selenium.remote.http.W3CHttpResponseCodec.createException(W3CHttpResponseCodec.java:187)
	at org.openqa.selenium.remote.http.W3CHttpResponseCodec.decode(W3CHttpResponseCodec.java:122)
	at org.openqa.selenium.remote.http.W3CHttpResponseCodec.decode(W3CHttpResponseCodec.java:49)
	at org.openqa.selenium.remote.HttpCommandExecutor.execute(HttpCommandExecutor.java:158)
	at org.openqa.selenium.remote.service.DriverCommandExecutor.execute(DriverCommandExecutor.java:83)
	at org.openqa.selenium.remote.RemoteWebDriver.execute(RemoteWebDriver.java:552)
	at org.openqa.selenium.remote.RemoteWebDriver.findElement(RemoteWebDriver.java:323)
	at org.openqa.selenium.remote.RemoteWebDriver.findElementByXPath(RemoteWebDriver.java:428)
	at org.openqa.selenium.By$ByXPath.findElement(By.java:353)
	at org.openqa.selenium.remote.RemoteWebDriver.findElement(RemoteWebDriver.java:315)
	at testng.TC7.signup_code(TC7.java:83)
	at sun.reflect.NativeMethodAccessorImpl.invoke0(Native Method)
	at sun.reflect.NativeMethodAccessorImpl.invoke(NativeMethodAccessorImpl.java:62)
	at sun.reflect.DelegatingMethodAccessorImpl.invoke(DelegatingMethodAccessorImpl.java:43)
	at java.lang.reflect.Method.invoke(Method.java:498)
	at org.testng.internal.MethodInvocationHelper.invokeMethod(MethodInvocationHelper.java:85)
	at org.testng.internal.Invoker.invokeMethod(Invoker.java:639)
	at org.testng.internal.Invoker.invokeTestMethod(Invoker.java:821)
	at org.testng.internal.Invoker.invokeTestMethods(Invoker.java:1131)
	at org.testng.internal.TestMethodWorker.invokeTestMethods(TestMethodWorker.java:124)
	at org.testng.internal.TestMethodWorker.run(TestMethodWorker.java:108)
	at org.testng.TestRunner.privateRun(TestRunner.java:773)
	at org.testng.TestRunner.run(TestRunner.java:623)
	at org.testng.SuiteRunner.runTest(SuiteRunner.java:357)
	at org.testng.SuiteRunner.runSequentially(SuiteRunner.java:352)
	at org.testng.SuiteRunner.privateRun(SuiteRunner.java:310)
	at org.testng.SuiteRunner.run(SuiteRunner.java:259)
	at org.testng.SuiteRunnerWorker.runSuite(SuiteRunnerWorker.java:52)
	at org.testng.SuiteRunnerWorker.run(SuiteRunnerWorker.java:86)
	at org.testng.TestNG.runSuitesSequentially(TestNG.java:1185)
	at org.testng.TestNG.runSuitesLocally(TestNG.java:1110)
	at org.testng.TestNG.run(TestNG.java:1018)
	at org.testng.remote.AbstractRemoteTestNG.run(AbstractRemoteTestNG.java:115)
	at org.testng.remote.RemoteTestNG.initAndRun(RemoteTestNG.java:251)
	at org.testng.remote.RemoteTestNG.main(RemoteTestNG.java:77)
]]>
            </full-stacktrace>
          </exception> <!-- org.openqa.selenium.NoSuchElementException -->
          <reporter-output>
          </reporter-output>
        </test-method> <!-- signup_code -->
        <test-method status="PASS" signature="close()[pri:0, instance:testng.TC7@2cbb3d47]" name="close" is-config="true" duration-ms="217" started-at="2020-06-26T23:21:47Z" finished-at="2020-06-26T23:21:47Z">
          <reporter-output>
          </reporter-output>
        </test-method> <!-- close -->
      </class> <!-- testng.TC7 -->
      <class name="testng.TC6">
        <test-method status="PASS" signature="launch()[pri:0, instance:testng.TC6@27c86f2d]" name="launch" is-config="true" duration-ms="22801" started-at="2020-06-26T23:21:47Z" finished-at="2020-06-26T23:22:10Z">
          <reporter-output>
          </reporter-output>
        </test-method> <!-- launch -->
        <test-method status="PASS" signature="signup_code()[pri:0, instance:testng.TC6@27c86f2d]" name="signup_code" duration-ms="52713" started-at="2020-06-26T23:22:10Z" finished-at="2020-06-26T23:23:02Z">
          <reporter-output>
          </reporter-output>
        </test-method> <!-- signup_code -->
        <test-method status="PASS" signature="close()[pri:0, instance:testng.TC6@27c86f2d]" name="close" is-config="true" duration-ms="2248" started-at="2020-06-26T23:23:02Z" finished-at="2020-06-26T23:23:05Z">
          <reporter-output>
          </reporter-output>
        </test-method> <!-- close -->
      </class> <!-- testng.TC6 -->
      <class name="testng.TC5">
        <test-method status="PASS" signature="launch()[pri:0, instance:testng.TC5@197d671]" name="launch" is-config="true" duration-ms="21389" started-at="2020-06-26T23:23:05Z" finished-at="2020-06-26T23:23:26Z">
          <reporter-output>
          </reporter-output>
        </test-method> <!-- launch -->
        <test-method status="PASS" signature="signup_code()[pri:0, instance:testng.TC5@197d671]" name="signup_code" duration-ms="41173" started-at="2020-06-26T23:23:26Z" finished-at="2020-06-26T23:24:07Z">
          <reporter-output>
          </reporter-output>
        </test-method> <!-- signup_code -->
        <test-method status="PASS" signature="close()[pri:0, instance:testng.TC5@197d671]" name="close" is-config="true" duration-ms="85" started-at="2020-06-26T23:24:07Z" finished-at="2020-06-26T23:24:07Z">
          <reporter-output>
          </reporter-output>
        </test-method> <!-- close -->
      </class> <!-- testng.TC5 -->
      <class name="testng.TC4">
        <test-method status="PASS" signature="launch()[pri:0, instance:testng.TC4@402e37bc]" name="launch" is-config="true" duration-ms="18170" started-at="2020-06-26T23:24:07Z" finished-at="2020-06-26T23:24:26Z">
          <reporter-output>
          </reporter-output>
        </test-method> <!-- launch -->
        <test-method status="PASS" signature="signup_code()[pri:0, instance:testng.TC4@402e37bc]" name="signup_code" duration-ms="38994" started-at="2020-06-26T23:24:26Z" finished-at="2020-06-26T23:25:05Z">
          <reporter-output>
          </reporter-output>
        </test-method> <!-- signup_code -->
        <test-method status="PASS" signature="close()[pri:0, instance:testng.TC4@402e37bc]" name="close" is-config="true" duration-ms="659" started-at="2020-06-26T23:25:05Z" finished-at="2020-06-26T23:25:05Z">
          <reporter-output>
          </reporter-output>
        </test-method> <!-- close -->
      </class> <!-- testng.TC4 -->
      <class name="testng.TC3">
        <test-method status="PASS" signature="launch()[pri:0, instance:testng.TC3@79ad8b2f]" name="launch" is-config="true" duration-ms="17885" started-at="2020-06-26T23:25:05Z" finished-at="2020-06-26T23:25:23Z">
          <reporter-output>
          </reporter-output>
        </test-method> <!-- launch -->
        <test-method status="PASS" signature="signup_code()[pri:0, instance:testng.TC3@79ad8b2f]" name="signup_code" duration-ms="39212" started-at="2020-06-26T23:25:23Z" finished-at="2020-06-26T23:26:02Z">
          <reporter-output>
          </reporter-output>
        </test-method> <!-- signup_code -->
        <test-method status="PASS" signature="close()[pri:0, instance:testng.TC3@79ad8b2f]" name="close" is-config="true" duration-ms="215" started-at="2020-06-26T23:26:02Z" finished-at="2020-06-26T23:26:03Z">
          <reporter-output>
          </reporter-output>
        </test-method> <!-- close -->
      </class> <!-- testng.TC3 -->
      <class name="testng.TC2">
        <test-method status="PASS" signature="launch()[pri:0, instance:testng.TC2@1df82230]" name="launch" is-config="true" duration-ms="17124" started-at="2020-06-26T23:26:03Z" finished-at="2020-06-26T23:26:20Z">
          <reporter-output>
          </reporter-output>
        </test-method> <!-- launch -->
        <test-method status="PASS" signature="signup_code()[pri:0, instance:testng.TC2@1df82230]" name="signup_code" duration-ms="39253" started-at="2020-06-26T23:26:20Z" finished-at="2020-06-26T23:26:59Z">
          <reporter-output>
          </reporter-output>
        </test-method> <!-- signup_code -->
        <test-method status="PASS" signature="close()[pri:0, instance:testng.TC2@1df82230]" name="close" is-config="true" duration-ms="267" started-at="2020-06-26T23:26:59Z" finished-at="2020-06-26T23:26:59Z">
          <reporter-output>
          </reporter-output>
        </test-method> <!-- close -->
      </class> <!-- testng.TC2 -->
      <class name="testng.TC1">
        <test-method status="PASS" signature="launch()[pri:0, instance:testng.TC1@22635ba0]" name="launch" is-config="true" duration-ms="17723" started-at="2020-06-26T23:26:59Z" finished-at="2020-06-26T23:27:17Z">
          <reporter-output>
          </reporter-output>
        </test-method> <!-- launch -->
        <test-method status="PASS" signature="signup_code()[pri:0, instance:testng.TC1@22635ba0]" name="signup_code" duration-ms="39190" started-at="2020-06-26T23:27:17Z" finished-at="2020-06-26T23:27:56Z">
          <reporter-output>
          </reporter-output>
        </test-method> <!-- signup_code -->
        <test-method status="PASS" signature="close()[pri:0, instance:testng.TC1@22635ba0]" name="close" is-config="true" duration-ms="72" started-at="2020-06-26T23:27:56Z" finished-at="2020-06-26T23:27:56Z">
          <reporter-output>
          </reporter-output>
        </test-method> <!-- close -->
      </class> <!-- testng.TC1 -->
    </test> <!-- Default test -->
  </suite> <!-- Default suite -->
</testng-results>
